\BOOKMARK [1][-]{section.1}{Introduction}{}% 1
\BOOKMARK [1][-]{section.2}{Project ideas}{}% 2
\BOOKMARK [1][-]{section.3}{Target-group analysis}{}% 3
\BOOKMARK [1][-]{section.4}{Specifications and use-cases}{}% 4
\BOOKMARK [2][-]{subsection.4.1}{Service}{section.4}% 5
\BOOKMARK [2][-]{subsection.4.2}{Client}{section.4}% 6
\BOOKMARK [1][-]{section.5}{Project Management}{}% 7
\BOOKMARK [1][-]{section.6}{Collaboration with Singapore Management University}{}% 8
\BOOKMARK [1][-]{section.7}{WebService}{}% 9
\BOOKMARK [2][-]{subsection.7.1}{Service Development Reflection}{section.7}% 10
\BOOKMARK [2][-]{subsection.7.2}{Code Documentation}{section.7}% 11
\BOOKMARK [2][-]{subsection.7.3}{Class/Code Explanation}{section.7}% 12
\BOOKMARK [2][-]{subsection.7.4}{Entity-Framework}{section.7}% 13
\BOOKMARK [2][-]{subsection.7.5}{Test Strategy}{section.7}% 14
\BOOKMARK [1][-]{section.8}{Client}{}% 15
\BOOKMARK [2][-]{subsection.8.1}{Platform considerations}{section.8}% 16
\BOOKMARK [2][-]{subsection.8.2}{Class/code Explanation}{section.8}% 17
\BOOKMARK [2][-]{subsection.8.3}{Mockups}{section.8}% 18
\BOOKMARK [2][-]{subsection.8.4}{Test Strategy}{section.8}% 19
\BOOKMARK [1][-]{section.9}{Reflection}{}% 20
\BOOKMARK [2][-]{subsection.9.1}{What did we learn}{section.9}% 21
\BOOKMARK [2][-]{subsection.9.2}{Goals}{section.9}% 22
\BOOKMARK [2][-]{subsection.9.3}{conclusion on test results}{section.9}% 23
\BOOKMARK [1][-]{section.10}{Appendix}{}% 24
\BOOKMARK [2][-]{subsection.10.1}{Test tables}{section.10}% 25
\BOOKMARK [2][-]{subsection.10.2}{Old data models}{section.10}% 26
\BOOKMARK [2][-]{subsection.10.3}{Interface specification}{section.10}% 27
